This is pdfTeX, Version 3.141592653-2.6-1.40.23 (TeX Live 2021/W32TeX) (preloaded format=pdflatex 2021.8.7)  25 AUG 2021 00:02
entering extended mode
 restricted \write18 enabled.
 %&-line parsing enabled.
**04_gaussian_ch4.tex
(./04_gaussian_ch4.tex
LaTeX2e <2021-06-01> patch level 1
L3 programming layer <2021-07-12>
(c:/Users/Goodgolden5/AppData/Roaming/TinyTeX/texmf-dist/tex/latex/base/article
.cls
Document Class: article 2021/02/12 v1.4n Standard LaTeX document class

(c:/Users/Goodgolden5/AppData/Roaming/TinyTeX/texmf-dist/tex/latex/base/size10.
clo
File: size10.clo 2021/02/12 v1.4n Standard LaTeX file (size option)
)
\c@part=\count182
\c@section=\count183
\c@subsection=\count184
\c@subsubsection=\count185
\c@paragraph=\count186
\c@subparagraph=\count187
\c@figure=\count188
\c@table=\count189
\abovecaptionskip=\skip47
\belowcaptionskip=\skip48
\bibindent=\dimen138
)
(c:/Users/Goodgolden5/AppData/Roaming/TinyTeX/texmf-dist/tex/latex/amsmath/amsm
ath.sty
Package: amsmath 2021/04/20 v2.17j AMS math features
\@mathmargin=\skip49
For additional information on amsmath, use the `?' option.

(c:/Users/Goodgolden5/AppData/Roaming/TinyTeX/texmf-dist/tex/latex/amsmath/amst
ext.sty
Package: amstext 2000/06/29 v2.01 AMS text

(c:/Users/Goodgolden5/AppData/Roaming/TinyTeX/texmf-dist/tex/latex/amsmath/amsg
en.sty
File: amsgen.sty 1999/11/30 v2.0 generic functions
\@emptytoks=\toks16
\ex@=\dimen139
))
(c:/Users/Goodgolden5/AppData/Roaming/TinyTeX/texmf-dist/tex/latex/amsmath/amsb
sy.sty
Package: amsbsy 1999/11/29 v1.2d Bold Symbols
\pmbraise@=\dimen140
)
(c:/Users/Goodgolden5/AppData/Roaming/TinyTeX/texmf-dist/tex/latex/amsmath/amso
pn.sty
Package: amsopn 2016/03/08 v2.02 operator names
)
\inf@bad=\count190
LaTeX Info: Redefining \frac on input line 234.
\uproot@=\count191
\leftroot@=\count192
LaTeX Info: Redefining \overline on input line 399.
\classnum@=\count193
\DOTSCASE@=\count194
LaTeX Info: Redefining \ldots on input line 496.
LaTeX Info: Redefining \dots on input line 499.
LaTeX Info: Redefining \cdots on input line 620.
\Mathstrutbox@=\box50
\strutbox@=\box51
\big@size=\dimen141
LaTeX Font Info:    Redeclaring font encoding OML on input line 743.
LaTeX Font Info:    Redeclaring font encoding OMS on input line 744.
\macc@depth=\count195
\c@MaxMatrixCols=\count196
\dotsspace@=\muskip16
\c@parentequation=\count197
\dspbrk@lvl=\count198
\tag@help=\toks17
\row@=\count199
\column@=\count266
\maxfields@=\count267
\andhelp@=\toks18
\eqnshift@=\dimen142
\alignsep@=\dimen143
\tagshift@=\dimen144
\tagwidth@=\dimen145
\totwidth@=\dimen146
\lineht@=\dimen147
\@envbody=\toks19
\multlinegap=\skip50
\multlinetaggap=\skip51
\mathdisplay@stack=\toks20
LaTeX Info: Redefining \[ on input line 2923.
LaTeX Info: Redefining \] on input line 2924.
)
(c:/Users/Goodgolden5/AppData/Roaming/TinyTeX/texmf-dist/tex/latex/amsfonts/ams
symb.sty
Package: amssymb 2013/01/14 v3.01 AMS font symbols

(c:/Users/Goodgolden5/AppData/Roaming/TinyTeX/texmf-dist/tex/latex/amsfonts/ams
fonts.sty
Package: amsfonts 2013/01/14 v3.01 Basic AMSFonts support
\symAMSa=\mathgroup4
\symAMSb=\mathgroup5
LaTeX Font Info:    Redeclaring math symbol \hbar on input line 98.
LaTeX Font Info:    Overwriting math alphabet `\mathfrak' in version `bold'
(Font)                  U/euf/m/n --> U/euf/b/n on input line 106.
))
(c:/Users/Goodgolden5/AppData/Roaming/TinyTeX/texmf-dist/tex/latex/lm/lmodern.s
ty
Package: lmodern 2015/05/01 v1.6.1 Latin Modern Fonts
LaTeX Font Info:    Overwriting symbol font `operators' in version `normal'
(Font)                  OT1/cmr/m/n --> OT1/lmr/m/n on input line 22.
LaTeX Font Info:    Overwriting symbol font `letters' in version `normal'
(Font)                  OML/cmm/m/it --> OML/lmm/m/it on input line 23.
LaTeX Font Info:    Overwriting symbol font `symbols' in version `normal'
(Font)                  OMS/cmsy/m/n --> OMS/lmsy/m/n on input line 24.
LaTeX Font Info:    Overwriting symbol font `largesymbols' in version `normal'
(Font)                  OMX/cmex/m/n --> OMX/lmex/m/n on input line 25.
LaTeX Font Info:    Overwriting symbol font `operators' in version `bold'
(Font)                  OT1/cmr/bx/n --> OT1/lmr/bx/n on input line 26.
LaTeX Font Info:    Overwriting symbol font `letters' in version `bold'
(Font)                  OML/cmm/b/it --> OML/lmm/b/it on input line 27.
LaTeX Font Info:    Overwriting symbol font `symbols' in version `bold'
(Font)                  OMS/cmsy/b/n --> OMS/lmsy/b/n on input line 28.
LaTeX Font Info:    Overwriting symbol font `largesymbols' in version `bold'
(Font)                  OMX/cmex/m/n --> OMX/lmex/m/n on input line 29.
LaTeX Font Info:    Overwriting math alphabet `\mathbf' in version `normal'
(Font)                  OT1/cmr/bx/n --> OT1/lmr/bx/n on input line 31.
LaTeX Font Info:    Overwriting math alphabet `\mathsf' in version `normal'
(Font)                  OT1/cmss/m/n --> OT1/lmss/m/n on input line 32.
LaTeX Font Info:    Overwriting math alphabet `\mathit' in version `normal'
(Font)                  OT1/cmr/m/it --> OT1/lmr/m/it on input line 33.
LaTeX Font Info:    Overwriting math alphabet `\mathtt' in version `normal'
(Font)                  OT1/cmtt/m/n --> OT1/lmtt/m/n on input line 34.
LaTeX Font Info:    Overwriting math alphabet `\mathbf' in version `bold'
(Font)                  OT1/cmr/bx/n --> OT1/lmr/bx/n on input line 35.
LaTeX Font Info:    Overwriting math alphabet `\mathsf' in version `bold'
(Font)                  OT1/cmss/bx/n --> OT1/lmss/bx/n on input line 36.
LaTeX Font Info:    Overwriting math alphabet `\mathit' in version `bold'
(Font)                  OT1/cmr/bx/it --> OT1/lmr/bx/it on input line 37.
LaTeX Font Info:    Overwriting math alphabet `\mathtt' in version `bold'
(Font)                  OT1/cmtt/m/n --> OT1/lmtt/m/n on input line 38.
)
(c:/Users/Goodgolden5/AppData/Roaming/TinyTeX/texmf-dist/tex/generic/iftex/ifxe
tex.sty
Package: ifxetex 2019/10/25 v0.7 ifxetex legacy package. Use iftex instead.

(c:/Users/Goodgolden5/AppData/Roaming/TinyTeX/texmf-dist/tex/generic/iftex/ifte
x.sty
Package: iftex 2020/03/06 v1.0d TeX engine tests
))
(c:/Users/Goodgolden5/AppData/Roaming/TinyTeX/texmf-dist/tex/generic/iftex/iflu
atex.sty
Package: ifluatex 2019/10/25 v1.5 ifluatex legacy package. Use iftex instead.
)
(c:/Users/Goodgolden5/AppData/Roaming/TinyTeX/texmf-dist/tex/latex/base/fontenc
.sty
Package: fontenc 2021/04/29 v2.0v Standard LaTeX package
LaTeX Font Info:    Trying to load font information for T1+lmr on input line 11
2.
(c:/Users/Goodgolden5/AppData/Roaming/TinyTeX/texmf-dist/tex/latex/lm/t1lmr.fd
File: t1lmr.fd 2015/05/01 v1.6.1 Font defs for Latin Modern
))
(c:/Users/Goodgolden5/AppData/Roaming/TinyTeX/texmf-dist/tex/latex/base/inputen
c.sty
Package: inputenc 2021/02/14 v1.3d Input encoding file
\inpenc@prehook=\toks21
\inpenc@posthook=\toks22
)
(c:/Users/Goodgolden5/AppData/Roaming/TinyTeX/texmf-dist/tex/latex/base/textcom
p.sty
Package: textcomp 2020/02/02 v2.0n Standard LaTeX package
)
(c:/Users/Goodgolden5/AppData/Roaming/TinyTeX/texmf-dist/tex/latex/microtype/mi
crotype.sty
Package: microtype 2021/03/14 v2.8c Micro-typographical refinements (RS)

(c:/Users/Goodgolden5/AppData/Roaming/TinyTeX/texmf-dist/tex/latex/graphics/key
val.sty
Package: keyval 2014/10/28 v1.15 key=value parser (DPC)
\KV@toks@=\toks23
)
\MT@toks=\toks24
\MT@count=\count268
LaTeX Info: Redefining \textls on input line 790.
\MT@outer@kern=\dimen148
LaTeX Info: Redefining \textmicrotypecontext on input line 1374.
\MT@listname@count=\count269

(c:/Users/Goodgolden5/AppData/Roaming/TinyTeX/texmf-dist/tex/latex/microtype/mi
crotype-pdftex.def
File: microtype-pdftex.def 2021/03/14 v2.8c Definitions specific to pdftex (RS)

LaTeX Info: Redefining \lsstyle on input line 915.
LaTeX Info: Redefining \lslig on input line 915.
\MT@outer@space=\skip52
)
Package microtype Info: Loading configuration file microtype.cfg.

(c:/Users/Goodgolden5/AppData/Roaming/TinyTeX/texmf-dist/tex/latex/microtype/mi
crotype.cfg
File: microtype.cfg 2021/03/14 v2.8c microtype main configuration file (RS)
))
(c:/Users/Goodgolden5/AppData/Roaming/TinyTeX/texmf-dist/tex/latex/parskip/pars
kip.sty
Package: parskip 2021-03-14 v2.0h non-zero parskip adjustments

(c:/Users/Goodgolden5/AppData/Roaming/TinyTeX/texmf-dist/tex/latex/kvoptions/kv
options.sty
Package: kvoptions 2020-10-07 v3.14 Key value format for package options (HO)

(c:/Users/Goodgolden5/AppData/Roaming/TinyTeX/texmf-dist/tex/generic/ltxcmds/lt
xcmds.sty
Package: ltxcmds 2020-05-10 v1.25 LaTeX kernel commands for general use (HO)
)
(c:/Users/Goodgolden5/AppData/Roaming/TinyTeX/texmf-dist/tex/generic/kvsetkeys/
kvsetkeys.sty
Package: kvsetkeys 2019/12/15 v1.18 Key value parser (HO)
))
(c:/Users/Goodgolden5/AppData/Roaming/TinyTeX/texmf-dist/tex/latex/etoolbox/eto
olbox.sty
Package: etoolbox 2020/10/05 v2.5k e-TeX tools for LaTeX (JAW)
\etb@tempcnta=\count270
))
(c:/Users/Goodgolden5/AppData/Roaming/TinyTeX/texmf-dist/tex/latex/xcolor/xcolo
r.sty
Package: xcolor 2016/05/11 v2.12 LaTeX color extensions (UK)

(c:/Users/Goodgolden5/AppData/Roaming/TinyTeX/texmf-dist/tex/latex/graphics-cfg
/color.cfg
File: color.cfg 2016/01/02 v1.6 sample color configuration
)
Package xcolor Info: Driver file: pdftex.def on input line 225.

(c:/Users/Goodgolden5/AppData/Roaming/TinyTeX/texmf-dist/tex/latex/graphics-def
/pdftex.def
File: pdftex.def 2020/10/05 v1.2a Graphics/color driver for pdftex
)
Package xcolor Info: Model `cmy' substituted by `cmy0' on input line 1348.
Package xcolor Info: Model `hsb' substituted by `rgb' on input line 1352.
Package xcolor Info: Model `RGB' extended on input line 1364.
Package xcolor Info: Model `HTML' substituted by `rgb' on input line 1366.
Package xcolor Info: Model `Hsb' substituted by `hsb' on input line 1367.
Package xcolor Info: Model `tHsb' substituted by `hsb' on input line 1368.
Package xcolor Info: Model `HSB' substituted by `hsb' on input line 1369.
Package xcolor Info: Model `Gray' substituted by `gray' on input line 1370.
Package xcolor Info: Model `wave' substituted by `hsb' on input line 1371.
)
(c:/Users/Goodgolden5/AppData/Roaming/TinyTeX/texmf-dist/tex/latex/hyperref/hyp
erref.sty
Package: hyperref 2021-06-07 v7.00m Hypertext links for LaTeX

(c:/Users/Goodgolden5/AppData/Roaming/TinyTeX/texmf-dist/tex/generic/pdftexcmds
/pdftexcmds.sty
Package: pdftexcmds 2020-06-27 v0.33 Utility functions of pdfTeX for LuaTeX (HO
)

(c:/Users/Goodgolden5/AppData/Roaming/TinyTeX/texmf-dist/tex/generic/infwarerr/
infwarerr.sty
Package: infwarerr 2019/12/03 v1.5 Providing info/warning/error messages (HO)
)
Package pdftexcmds Info: \pdf@primitive is available.
Package pdftexcmds Info: \pdf@ifprimitive is available.
Package pdftexcmds Info: \pdfdraftmode found.
)
(c:/Users/Goodgolden5/AppData/Roaming/TinyTeX/texmf-dist/tex/generic/kvdefineke
ys/kvdefinekeys.sty
Package: kvdefinekeys 2019-12-19 v1.6 Define keys (HO)
)
(c:/Users/Goodgolden5/AppData/Roaming/TinyTeX/texmf-dist/tex/generic/pdfescape/
pdfescape.sty
Package: pdfescape 2019/12/09 v1.15 Implements pdfTeX's escape features (HO)
)
(c:/Users/Goodgolden5/AppData/Roaming/TinyTeX/texmf-dist/tex/latex/hycolor/hyco
lor.sty
Package: hycolor 2020-01-27 v1.10 Color options for hyperref/bookmark (HO)
)
(c:/Users/Goodgolden5/AppData/Roaming/TinyTeX/texmf-dist/tex/latex/letltxmacro/
letltxmacro.sty
Package: letltxmacro 2019/12/03 v1.6 Let assignment for LaTeX macros (HO)
)
(c:/Users/Goodgolden5/AppData/Roaming/TinyTeX/texmf-dist/tex/latex/auxhook/auxh
ook.sty
Package: auxhook 2019-12-17 v1.6 Hooks for auxiliary files (HO)
)
\@linkdim=\dimen149
\Hy@linkcounter=\count271
\Hy@pagecounter=\count272

(c:/Users/Goodgolden5/AppData/Roaming/TinyTeX/texmf-dist/tex/latex/hyperref/pd1
enc.def
File: pd1enc.def 2021-06-07 v7.00m Hyperref: PDFDocEncoding definition (HO)
Now handling font encoding PD1 ...
... no UTF-8 mapping file for font encoding PD1
)
(c:/Users/Goodgolden5/AppData/Roaming/TinyTeX/texmf-dist/tex/latex/hyperref/hyp
erref-langpatches.def
File: hyperref-langpatches.def 2021-06-07 v7.00m Hyperref: patches for babel la
nguages
)
(c:/Users/Goodgolden5/AppData/Roaming/TinyTeX/texmf-dist/tex/generic/intcalc/in
tcalc.sty
Package: intcalc 2019/12/15 v1.3 Expandable calculations with integers (HO)
)
(c:/Users/Goodgolden5/AppData/Roaming/TinyTeX/texmf-dist/tex/generic/etexcmds/e
texcmds.sty
Package: etexcmds 2019/12/15 v1.7 Avoid name clashes with e-TeX commands (HO)
)
\Hy@SavedSpaceFactor=\count273

(c:/Users/Goodgolden5/AppData/Roaming/TinyTeX/texmf-dist/tex/latex/hyperref/pue
nc.def
File: puenc.def 2021-06-07 v7.00m Hyperref: PDF Unicode definition (HO)
Now handling font encoding PU ...
... no UTF-8 mapping file for font encoding PU
)
Package hyperref Info: Option `unicode' set `true' on input line 4073.
Package hyperref Info: Hyper figures OFF on input line 4192.
Package hyperref Info: Link nesting OFF on input line 4197.
Package hyperref Info: Hyper index ON on input line 4200.
Package hyperref Info: Plain pages OFF on input line 4207.
Package hyperref Info: Backreferencing OFF on input line 4212.
Package hyperref Info: Implicit mode ON; LaTeX internals redefined.
Package hyperref Info: Bookmarks ON on input line 4445.
\c@Hy@tempcnt=\count274
(c:/Users/Goodgolden5/AppData/Roaming/TinyTeX/texmf-dist/tex/latex/url/url.sty
\Urlmuskip=\muskip17
Package: url 2013/09/16  ver 3.4  Verb mode for urls, etc.
)
LaTeX Info: Redefining \url on input line 4804.
\XeTeXLinkMargin=\dimen150

(c:/Users/Goodgolden5/AppData/Roaming/TinyTeX/texmf-dist/tex/generic/bitset/bit
set.sty
Package: bitset 2019/12/09 v1.3 Handle bit-vector datatype (HO)

(c:/Users/Goodgolden5/AppData/Roaming/TinyTeX/texmf-dist/tex/generic/bigintcalc
/bigintcalc.sty
Package: bigintcalc 2019/12/15 v1.5 Expandable calculations on big integers (HO
)
))
\Fld@menulength=\count275
\Field@Width=\dimen151
\Fld@charsize=\dimen152
Package hyperref Info: Hyper figures OFF on input line 6076.
Package hyperref Info: Link nesting OFF on input line 6081.
Package hyperref Info: Hyper index ON on input line 6084.
Package hyperref Info: backreferencing OFF on input line 6091.
Package hyperref Info: Link coloring OFF on input line 6096.
Package hyperref Info: Link coloring with OCG OFF on input line 6101.
Package hyperref Info: PDF/A mode OFF on input line 6106.
LaTeX Info: Redefining \ref on input line 6146.
LaTeX Info: Redefining \pageref on input line 6150.

(c:/Users/Goodgolden5/AppData/Roaming/TinyTeX/texmf-dist/tex/latex/base/atbegsh
i-ltx.sty
Package: atbegshi-ltx 2021/01/10 v1.0c Emulation of the original atbegshi
package with kernel methods
)
\Hy@abspage=\count276
\c@Item=\count277
\c@Hfootnote=\count278
)
Package hyperref Info: Driver (autodetected): hpdftex.

(c:/Users/Goodgolden5/AppData/Roaming/TinyTeX/texmf-dist/tex/latex/hyperref/hpd
ftex.def
File: hpdftex.def 2021-06-07 v7.00m Hyperref driver for pdfTeX

(c:/Users/Goodgolden5/AppData/Roaming/TinyTeX/texmf-dist/tex/latex/base/atverye
nd-ltx.sty
Package: atveryend-ltx 2020/08/19 v1.0a Emulation of the original atvery packag
e
with kernel methods
)
\Fld@listcount=\count279
\c@bookmark@seq@number=\count280

(c:/Users/Goodgolden5/AppData/Roaming/TinyTeX/texmf-dist/tex/latex/rerunfileche
ck/rerunfilecheck.sty
Package: rerunfilecheck 2019/12/05 v1.9 Rerun checks for auxiliary files (HO)

(c:/Users/Goodgolden5/AppData/Roaming/TinyTeX/texmf-dist/tex/generic/uniquecoun
ter/uniquecounter.sty
Package: uniquecounter 2019/12/15 v1.4 Provide unlimited unique counter (HO)
)
Package uniquecounter Info: New unique counter `rerunfilecheck' on input line 2
86.
)
\Hy@SectionHShift=\skip53
)
(c:/Users/Goodgolden5/AppData/Roaming/TinyTeX/texmf-dist/tex/latex/geometry/geo
metry.sty
Package: geometry 2020/01/02 v5.9 Page Geometry

(c:/Users/Goodgolden5/AppData/Roaming/TinyTeX/texmf-dist/tex/generic/iftex/ifvt
ex.sty
Package: ifvtex 2019/10/25 v1.7 ifvtex legacy package. Use iftex instead.
)
\Gm@cnth=\count281
\Gm@cntv=\count282
\c@Gm@tempcnt=\count283
\Gm@bindingoffset=\dimen153
\Gm@wd@mp=\dimen154
\Gm@odd@mp=\dimen155
\Gm@even@mp=\dimen156
\Gm@layoutwidth=\dimen157
\Gm@layoutheight=\dimen158
\Gm@layouthoffset=\dimen159
\Gm@layoutvoffset=\dimen160
\Gm@dimlist=\toks25
)
(c:/Users/Goodgolden5/AppData/Roaming/TinyTeX/texmf-dist/tex/latex/fancyvrb/fan
cyvrb.sty
Package: fancyvrb 2021/08/12 v3.8 verbatim text (tvz,hv)
\FV@CodeLineNo=\count284
\FV@InFile=\read2
\FV@TabBox=\box52
\c@FancyVerbLine=\count285
\FV@StepNumber=\count286
\FV@OutFile=\write3
)
(c:/Users/Goodgolden5/AppData/Roaming/TinyTeX/texmf-dist/tex/latex/framed/frame
d.sty
Package: framed 2011/10/22 v 0.96: framed or shaded text with page breaks
\OuterFrameSep=\skip54
\fb@frw=\dimen161
\fb@frh=\dimen162
\FrameRule=\dimen163
\FrameSep=\dimen164
)
(c:/Users/Goodgolden5/AppData/Roaming/TinyTeX/texmf-dist/tex/latex/graphics/gra
phicx.sty
Package: graphicx 2020/12/05 v1.2c Enhanced LaTeX Graphics (DPC,SPQR)

(c:/Users/Goodgolden5/AppData/Roaming/TinyTeX/texmf-dist/tex/latex/graphics/gra
phics.sty
Package: graphics 2021/03/04 v1.4d Standard LaTeX Graphics (DPC,SPQR)

(c:/Users/Goodgolden5/AppData/Roaming/TinyTeX/texmf-dist/tex/latex/graphics/tri
g.sty
Package: trig 2016/01/03 v1.10 sin cos tan (DPC)
)
(c:/Users/Goodgolden5/AppData/Roaming/TinyTeX/texmf-dist/tex/latex/graphics-cfg
/graphics.cfg
File: graphics.cfg 2016/06/04 v1.11 sample graphics configuration
)
Package graphics Info: Driver file: pdftex.def on input line 107.
)
\Gin@req@height=\dimen165
\Gin@req@width=\dimen166
)
(c:/Users/Goodgolden5/AppData/Roaming/TinyTeX/texmf-dist/tex/latex/l3backend/l3
backend-pdftex.def
File: l3backend-pdftex.def 2021-08-04 L3 backend support: PDF output (pdfTeX)
\l__color_backend_stack_int=\count287
\l__pdf_internal_box=\box53
) (./04_gaussian_ch4.aux)
\openout1 = `04_gaussian_ch4.aux'.

LaTeX Font Info:    Checking defaults for OML/cmm/m/it on input line 110.
LaTeX Font Info:    ... okay on input line 110.
LaTeX Font Info:    Checking defaults for OMS/cmsy/m/n on input line 110.
LaTeX Font Info:    ... okay on input line 110.
LaTeX Font Info:    Checking defaults for OT1/cmr/m/n on input line 110.
LaTeX Font Info:    ... okay on input line 110.
LaTeX Font Info:    Checking defaults for T1/cmr/m/n on input line 110.
LaTeX Font Info:    ... okay on input line 110.
LaTeX Font Info:    Checking defaults for TS1/cmr/m/n on input line 110.
LaTeX Font Info:    ... okay on input line 110.
LaTeX Font Info:    Checking defaults for OMX/cmex/m/n on input line 110.
LaTeX Font Info:    ... okay on input line 110.
LaTeX Font Info:    Checking defaults for U/cmr/m/n on input line 110.
LaTeX Font Info:    ... okay on input line 110.
LaTeX Font Info:    Checking defaults for PD1/pdf/m/n on input line 110.
LaTeX Font Info:    ... okay on input line 110.
LaTeX Font Info:    Checking defaults for PU/pdf/m/n on input line 110.
LaTeX Font Info:    ... okay on input line 110.
LaTeX Info: Redefining \microtypecontext on input line 110.
Package microtype Info: Generating PDF output.
Package microtype Info: Character protrusion enabled (level 2).
Package microtype Info: Using protrusion set `basicmath'.
Package microtype Info: Automatic font expansion enabled (level 2),
(microtype)             stretch: 20, shrink: 20, step: 1, non-selected.
Package microtype Info: Using default expansion set `alltext-nott'.
LaTeX Info: Redefining \showhyphens on input line 110.
Package microtype Info: No adjustment of tracking.
Package microtype Info: No adjustment of interword spacing.
Package microtype Info: No adjustment of character kerning.

(c:/Users/Goodgolden5/AppData/Roaming/TinyTeX/texmf-dist/tex/latex/microtype/mt
-cmr.cfg
File: mt-cmr.cfg 2013/05/19 v2.2 microtype config. file: Computer Modern Roman 
(RS)
)
(c:/Users/Goodgolden5/AppData/Roaming/TinyTeX/texmf-dist/tex/latex/epstopdf-pkg
/epstopdf-base.sty
Package: epstopdf-base 2020-01-24 v2.11 Base part for package epstopdf
Package epstopdf-base Info: Redefining graphics rule for `.eps' on input line 4
85.

(c:/Users/Goodgolden5/AppData/Roaming/TinyTeX/texmf-dist/tex/latex/latexconfig/
epstopdf-sys.cfg
File: epstopdf-sys.cfg 2010/07/13 v1.3 Configuration of (r)epstopdf for TeX Liv
e
))
Package hyperref Info: Link coloring OFF on input line 110.

(c:/Users/Goodgolden5/AppData/Roaming/TinyTeX/texmf-dist/tex/latex/hyperref/nam
eref.sty
Package: nameref 2021-04-02 v2.47 Cross-referencing by name of section

(c:/Users/Goodgolden5/AppData/Roaming/TinyTeX/texmf-dist/tex/latex/refcount/ref
count.sty
Package: refcount 2019/12/15 v3.6 Data extraction from label references (HO)
)
(c:/Users/Goodgolden5/AppData/Roaming/TinyTeX/texmf-dist/tex/generic/gettitlest
ring/gettitlestring.sty
Package: gettitlestring 2019/12/15 v1.6 Cleanup title references (HO)
)
\c@section@level=\count288
)
LaTeX Info: Redefining \ref on input line 110.
LaTeX Info: Redefining \pageref on input line 110.
LaTeX Info: Redefining \nameref on input line 110.
(./04_gaussian_ch4.out) (./04_gaussian_ch4.out)
\@outlinefile=\write4
\openout4 = `04_gaussian_ch4.out'.

*geometry* driver: auto-detecting
*geometry* detected driver: pdftex
*geometry* verbose mode - [ preamble ] result:
* driver: pdftex
* paper: <default>
* layout: <same size as paper>
* layoutoffset:(h,v)=(0.0pt,0.0pt)
* modes: 
* h-part:(L,W,R)=(72.26999pt, 469.75502pt, 72.26999pt)
* v-part:(T,H,B)=(72.26999pt, 650.43001pt, 72.26999pt)
* \paperwidth=614.295pt
* \paperheight=794.96999pt
* \textwidth=469.75502pt
* \textheight=650.43001pt
* \oddsidemargin=0.0pt
* \evensidemargin=0.0pt
* \topmargin=-37.0pt
* \headheight=12.0pt
* \headsep=25.0pt
* \topskip=10.0pt
* \footskip=30.0pt
* \marginparwidth=65.0pt
* \marginparsep=11.0pt
* \columnsep=10.0pt
* \skip\footins=9.0pt plus 4.0pt minus 2.0pt
* \hoffset=0.0pt
* \voffset=0.0pt
* \mag=1000
* \@twocolumnfalse
* \@twosidefalse
* \@mparswitchfalse
* \@reversemarginfalse
* (1in=72.27pt=25.4mm, 1cm=28.453pt)

LaTeX Font Info:    Trying to load font information for OT1+lmr on input line 1
12.

(c:/Users/Goodgolden5/AppData/Roaming/TinyTeX/texmf-dist/tex/latex/lm/ot1lmr.fd
File: ot1lmr.fd 2015/05/01 v1.6.1 Font defs for Latin Modern
)
LaTeX Font Info:    Trying to load font information for OML+lmm on input line 1
12.

(c:/Users/Goodgolden5/AppData/Roaming/TinyTeX/texmf-dist/tex/latex/lm/omllmm.fd
File: omllmm.fd 2015/05/01 v1.6.1 Font defs for Latin Modern
)
LaTeX Font Info:    Trying to load font information for OMS+lmsy on input line 
112.

(c:/Users/Goodgolden5/AppData/Roaming/TinyTeX/texmf-dist/tex/latex/lm/omslmsy.f
d
File: omslmsy.fd 2015/05/01 v1.6.1 Font defs for Latin Modern
)
LaTeX Font Info:    Trying to load font information for OMX+lmex on input line 
112.

(c:/Users/Goodgolden5/AppData/Roaming/TinyTeX/texmf-dist/tex/latex/lm/omxlmex.f
d
File: omxlmex.fd 2015/05/01 v1.6.1 Font defs for Latin Modern
)
LaTeX Font Info:    External font `lmex10' loaded for size
(Font)              <12> on input line 112.
LaTeX Font Info:    External font `lmex10' loaded for size
(Font)              <8> on input line 112.
LaTeX Font Info:    External font `lmex10' loaded for size
(Font)              <6> on input line 112.
LaTeX Font Info:    Trying to load font information for U+msa on input line 112
.

(c:/Users/Goodgolden5/AppData/Roaming/TinyTeX/texmf-dist/tex/latex/amsfonts/ums
a.fd
File: umsa.fd 2013/01/14 v3.01 AMS symbols A
)
(c:/Users/Goodgolden5/AppData/Roaming/TinyTeX/texmf-dist/tex/latex/microtype/mt
-msa.cfg
File: mt-msa.cfg 2006/02/04 v1.1 microtype config. file: AMS symbols (a) (RS)
)
LaTeX Font Info:    Trying to load font information for U+msb on input line 112
.

(c:/Users/Goodgolden5/AppData/Roaming/TinyTeX/texmf-dist/tex/latex/amsfonts/ums
b.fd
File: umsb.fd 2013/01/14 v3.01 AMS symbols B
)
(c:/Users/Goodgolden5/AppData/Roaming/TinyTeX/texmf-dist/tex/latex/microtype/mt
-msb.cfg
File: mt-msb.cfg 2005/06/01 v1.0 microtype config. file: AMS symbols (b) (RS)
)
LaTeX Font Info:    Trying to load font information for TS1+lmr on input line 1
19.

(c:/Users/Goodgolden5/AppData/Roaming/TinyTeX/texmf-dist/tex/latex/lm/ts1lmr.fd
File: ts1lmr.fd 2015/05/01 v1.6.1 Font defs for Latin Modern
)
LaTeX Font Info:    External font `lmex10' loaded for size
(Font)              <10> on input line 144.
LaTeX Font Info:    External font `lmex10' loaded for size
(Font)              <7> on input line 144.
LaTeX Font Info:    External font `lmex10' loaded for size
(Font)              <5> on input line 144.

LaTeX Warning: Command \textmu invalid in math mode on input line 150.


LaTeX Warning: Command \textmu invalid in math mode on input line 150.


LaTeX Warning: Command \textmu invalid in math mode on input line 150.


LaTeX Warning: Command \textmu invalid in math mode on input line 150.

[1

{c:/Users/Goodgolden5/AppData/Roaming/TinyTeX/texmf-var/fonts/map/pdftex/updmap
/pdftex.map}]
Overfull \hbox (35.1427pt too wide) detected at line 241
[][] \OML/lmm/m/it/10 k\OT1/lmr/m/n/10 (\OML/lmm/m/it/10 r\OT1/lmr/m/n/10 ) = [
] [][] \OML/lmm/m/it/10 S\OT1/lmr/m/n/10 (\OML/lmm/m/it/10 s\OT1/lmr/m/n/10 )\O
ML/lmm/m/it/10 J[]\OT1/lmr/m/n/10 (2\OML/lmm/m/it/10 ^^Yrs\OT1/lmr/m/n/10 )\OML
/lmm/m/it/10 s[]ds   \OT1/lmr/m/n/10 (4\OML/lmm/m/it/10 :\OT1/lmr/m/n/10 7)[] \
OML/lmm/m/it/10 S\OT1/lmr/m/n/10 (\OML/lmm/m/it/10 s\OT1/lmr/m/n/10 ) = [] [][]
 \OML/lmm/m/it/10 k\OT1/lmr/m/n/10 (\OML/lmm/m/it/10 r\OT1/lmr/m/n/10 )\OML/lmm
/m/it/10 J[]\OT1/lmr/m/n/10 (2\OML/lmm/m/it/10 ^^Yrs\OT1/lmr/m/n/10 )\OML/lmm/m
/it/10 r[]dr    \OT1/lmr/m/n/10 (4\OML/lmm/m/it/10 :\OT1/lmr/m/n/10 8)
 []

LaTeX Font Info:    Trying to load font information for T1+lmtt on input line 2
84.

(c:/Users/Goodgolden5/AppData/Roaming/TinyTeX/texmf-dist/tex/latex/lm/t1lmtt.fd
File: t1lmtt.fd 2015/05/01 v1.6.1 Font defs for Latin Modern
)
LaTeX Font Info:    Font shape `T1/lmtt/bx/n' in size <10> not available
(Font)              Font shape `T1/lmtt/b/n' tried instead on input line 285.

LaTeX Font Warning: Font shape `T1/lmtt/bx/it' in size <10> not available
(Font)              Font shape `T1/lmtt/b/sl' tried instead on input line 295.

[2]
<04_gaussian_ch4_files/figure-latex/unnamed-chunk-2-1.pdf, id=106, 411.5375pt x
 361.35pt>
File: 04_gaussian_ch4_files/figure-latex/unnamed-chunk-2-1.pdf Graphic file (ty
pe pdf)
<use 04_gaussian_ch4_files/figure-latex/unnamed-chunk-2-1.pdf>
Package pdftex.def Info: 04_gaussian_ch4_files/figure-latex/unnamed-chunk-2-1.p
df  used on input line 314.
(pdftex.def)             Requested size: 187.89665pt x 164.98242pt.
<04_gaussian_ch4_files/figure-latex/se kernel-1.pdf, id=107, 411.5375pt x 361.3
5pt>
File: 04_gaussian_ch4_files/figure-latex/se kernel-1.pdf Graphic file (type pdf
)
<use 04_gaussian_ch4_files/figure-latex/se kernel-1.pdf>
Package pdftex.def Info: 04_gaussian_ch4_files/figure-latex/se kernel-1.pdf  us
ed on input line 335.
(pdftex.def)             Requested size: 187.89665pt x 164.98242pt.
[3 <./04_gaussian_ch4_files/figure-latex/unnamed-chunk-2-1.pdf>]
<04_gaussian_ch4_files/figure-latex/unnamed-chunk-3-1.pdf, id=119, 722.7pt x 72
2.7pt>
File: 04_gaussian_ch4_files/figure-latex/unnamed-chunk-3-1.pdf Graphic file (ty
pe pdf)
<use 04_gaussian_ch4_files/figure-latex/unnamed-chunk-3-1.pdf>
Package pdftex.def Info: 04_gaussian_ch4_files/figure-latex/unnamed-chunk-3-1.p
df  used on input line 358.
(pdftex.def)             Requested size: 469.76045pt x 469.76045pt.
[4 <./04_gaussian_ch4_files/figure-latex/se kernel-1.pdf>] [5 <./04_gaussian_ch
4_files/figure-latex/unnamed-chunk-3-1.pdf>]
Overfull \hbox (74.74348pt too wide) detected at line 421
\OML/lmm/m/it/10 k[]\OT1/lmr/m/n/10 (\OML/lmm/m/it/10 r\OT1/lmr/m/n/10 ) = \OML
/lmm/m/it/10 exp\OT1/lmr/m/n/10 (\OMS/lmsy/m/n/10 ^^@[]\OT1/lmr/m/n/10 )    (4\
OML/lmm/m/it/10 :\OT1/lmr/m/n/10 17\OML/lmm/m/it/10 a\OT1/lmr/m/n/10 )[] \OML/l
mm/m/it/10 k[]\OT1/lmr/m/n/10 (\OML/lmm/m/it/10 r\OT1/lmr/m/n/10 ) = []1 + [][]
\OML/lmm/m/it/10 exp[] \OMS/lmsy/m/n/10 ^^@ [][]    \OT1/lmr/m/n/10 (4\OML/lmm/
m/it/10 :\OT1/lmr/m/n/10 17\OML/lmm/m/it/10 b\OT1/lmr/m/n/10 )[] \OML/lmm/m/it/
10 k[]\OT1/lmr/m/n/10 (\OML/lmm/m/it/10 r\OT1/lmr/m/n/10 ) = []1 + [] + [][]\OM
L/lmm/m/it/10 exp[] \OMS/lmsy/m/n/10 ^^@ [][]    \OT1/lmr/m/n/10 (4\OML/lmm/m/i
t/10 :\OT1/lmr/m/n/10 17\OML/lmm/m/it/10 c\OT1/lmr/m/n/10 )
 []

<04_gaussian_ch4_files/figure-latex/matern matrix kernel-1.pdf, id=140, 411.537
5pt x 361.35pt>
File: 04_gaussian_ch4_files/figure-latex/matern matrix kernel-1.pdf Graphic fil
e (type pdf)
<use 04_gaussian_ch4_files/figure-latex/matern matrix kernel-1.pdf>
Package pdftex.def Info: 04_gaussian_ch4_files/figure-latex/matern matrix kerne
l-1.pdf  used on input line 441.
(pdftex.def)             Requested size: 187.89665pt x 164.98242pt.
[6 <./04_gaussian_ch4_files/figure-latex/matern matrix kernel-1.pdf>]
<04_gaussian_ch4_files/figure-latex/matern matrix kernel-2.pdf, id=151, 411.537
5pt x 361.35pt>
File: 04_gaussian_ch4_files/figure-latex/matern matrix kernel-2.pdf Graphic fil
e (type pdf)
<use 04_gaussian_ch4_files/figure-latex/matern matrix kernel-2.pdf>
Package pdftex.def Info: 04_gaussian_ch4_files/figure-latex/matern matrix kerne
l-2.pdf  used on input line 465.
(pdftex.def)             Requested size: 187.89665pt x 164.98242pt.
<04_gaussian_ch4_files/figure-latex/matern scale-1.pdf, id=152, 722.7pt x 722.7
pt>
File: 04_gaussian_ch4_files/figure-latex/matern scale-1.pdf Graphic file (type 
pdf)
<use 04_gaussian_ch4_files/figure-latex/matern scale-1.pdf>
Package pdftex.def Info: 04_gaussian_ch4_files/figure-latex/matern scale-1.pdf 
 used on input line 490.
(pdftex.def)             Requested size: 469.76045pt x 469.76045pt.
[7 <./04_gaussian_ch4_files/figure-latex/matern matrix kernel-2.pdf>]
Underfull \vbox (badness 10000) detected at line 522
 []

[8 <./04_gaussian_ch4_files/figure-latex/matern scale-1.pdf>]
<04_gaussian_ch4_files/figure-latex/matern df-1.pdf, id=173, 722.7pt x 722.7pt>

File: 04_gaussian_ch4_files/figure-latex/matern df-1.pdf Graphic file (type pdf
)
<use 04_gaussian_ch4_files/figure-latex/matern df-1.pdf>
Package pdftex.def Info: 04_gaussian_ch4_files/figure-latex/matern df-1.pdf  us
ed on input line 524.
(pdftex.def)             Requested size: 469.76045pt x 469.76045pt.
[9 <./04_gaussian_ch4_files/figure-latex/matern df-1.pdf>]
<04_gaussian_ch4_files/figure-latex/ornstein-uhlenbeck-1.pdf, id=183, 722.7pt x
 722.7pt>
File: 04_gaussian_ch4_files/figure-latex/ornstein-uhlenbeck-1.pdf Graphic file 
(type pdf)
<use 04_gaussian_ch4_files/figure-latex/ornstein-uhlenbeck-1.pdf>
Package pdftex.def Info: 04_gaussian_ch4_files/figure-latex/ornstein-uhlenbeck-
1.pdf  used on input line 559.
(pdftex.def)             Requested size: 469.76045pt x 469.76045pt.
[10] [11 <./04_gaussian_ch4_files/figure-latex/ornstein-uhlenbeck-1.pdf>]
<04_gaussian_ch4_files/figure-latex/unnamed-chunk-5-1.pdf, id=199, 411.5375pt x
 361.35pt>
File: 04_gaussian_ch4_files/figure-latex/unnamed-chunk-5-1.pdf Graphic file (ty
pe pdf)
<use 04_gaussian_ch4_files/figure-latex/unnamed-chunk-5-1.pdf>
Package pdftex.def Info: 04_gaussian_ch4_files/figure-latex/unnamed-chunk-5-1.p
df  used on input line 593.
(pdftex.def)             Requested size: 187.89665pt x 164.98242pt.
<04_gaussian_ch4_files/figure-latex/unnamed-chunk-6-1.pdf, id=200, 411.5375pt x
 361.35pt>
File: 04_gaussian_ch4_files/figure-latex/unnamed-chunk-6-1.pdf Graphic file (ty
pe pdf)
<use 04_gaussian_ch4_files/figure-latex/unnamed-chunk-6-1.pdf>
Package pdftex.def Info: 04_gaussian_ch4_files/figure-latex/unnamed-chunk-6-1.p
df  used on input line 614.
(pdftex.def)             Requested size: 187.89665pt x 164.98242pt.
[12 <./04_gaussian_ch4_files/figure-latex/unnamed-chunk-5-1.pdf> <./04_gaussian
_ch4_files/figure-latex/unnamed-chunk-6-1.pdf>]
<04_gaussian_ch4_files/figure-latex/gamma exponential-1.pdf, id=215, 722.7pt x 
722.7pt>
File: 04_gaussian_ch4_files/figure-latex/gamma exponential-1.pdf Graphic file (
type pdf)
<use 04_gaussian_ch4_files/figure-latex/gamma exponential-1.pdf>
Package pdftex.def Info: 04_gaussian_ch4_files/figure-latex/gamma exponential-1
.pdf  used on input line 639.
(pdftex.def)             Requested size: 469.76045pt x 469.76045pt.
[13] [14 <./04_gaussian_ch4_files/figure-latex/gamma exponential-1.pdf>]
<04_gaussian_ch4_files/figure-latex/unnamed-chunk-7-1.pdf, id=232, 411.5375pt x
 361.35pt>
File: 04_gaussian_ch4_files/figure-latex/unnamed-chunk-7-1.pdf Graphic file (ty
pe pdf)
<use 04_gaussian_ch4_files/figure-latex/unnamed-chunk-7-1.pdf>
Package pdftex.def Info: 04_gaussian_ch4_files/figure-latex/unnamed-chunk-7-1.p
df  used on input line 683.
(pdftex.def)             Requested size: 187.89665pt x 164.98242pt.
<04_gaussian_ch4_files/figure-latex/gamma rq-1.pdf, id=233, 722.7pt x 722.7pt>
File: 04_gaussian_ch4_files/figure-latex/gamma rq-1.pdf Graphic file (type pdf)

<use 04_gaussian_ch4_files/figure-latex/gamma rq-1.pdf>
Package pdftex.def Info: 04_gaussian_ch4_files/figure-latex/gamma rq-1.pdf  use
d on input line 706.
(pdftex.def)             Requested size: 469.76045pt x 469.76045pt.
[15 <./04_gaussian_ch4_files/figure-latex/unnamed-chunk-7-1.pdf>]
Overfull \hbox (597.34453pt too wide) detected at line 723
\OML/lmm/m/it/10 k[]\OT1/lmr/m/n/10 (\OML/lmm/m/it/10 r\OT1/lmr/m/n/10 ) = (1 \
OMS/lmsy/m/n/10 ^^@ \OML/lmm/m/it/10 r\OT1/lmr/m/n/10 )[]\OML/lmm/m/it/10 ;   w
here j \OT1/lmr/m/n/10 = \OMS/lmsy/m/n/10 b[]c \OT1/lmr/m/n/10 + \OML/lmm/m/it/
10 q \OT1/lmr/m/n/10 + 1    (4\OML/lmm/m/it/10 :\OT1/lmr/m/n/10 21\OML/lmm/m/it
/10 a\OT1/lmr/m/n/10 )[] \OML/lmm/m/it/10 k[]\OT1/lmr/m/n/10 (\OML/lmm/m/it/10 
r\OT1/lmr/m/n/10 ) = (1 \OMS/lmsy/m/n/10 ^^@ \OML/lmm/m/it/10 r\OT1/lmr/m/n/10 
)[][](\OML/lmm/m/it/10 j \OT1/lmr/m/n/10 + 1)\OML/lmm/m/it/10 r \OT1/lmr/m/n/10
 + 1[]    (4\OML/lmm/m/it/10 :\OT1/lmr/m/n/10 21\OML/lmm/m/it/10 b\OT1/lmr/m/n/
10 )[] \OML/lmm/m/it/10 k[]\OT1/lmr/m/n/10 (\OML/lmm/m/it/10 r\OT1/lmr/m/n/10 )
 = (1 \OMS/lmsy/m/n/10 ^^@ \OML/lmm/m/it/10 r\OT1/lmr/m/n/10 )[][](\OML/lmm/m/i
t/10 j[] \OT1/lmr/m/n/10 + 4\OML/lmm/m/it/10 j \OT1/lmr/m/n/10 + 3)\OML/lmm/m/i
t/10 r[] \OT1/lmr/m/n/10 + (3\OML/lmm/m/it/10 j \OT1/lmr/m/n/10 + 6)\OML/lmm/m/
it/10 r \OT1/lmr/m/n/10 + 3[]\OML/lmm/m/it/10 =\OT1/lmr/m/n/10 3    (4\OML/lmm/
m/it/10 :\OT1/lmr/m/n/10 21\OML/lmm/m/it/10 c\OT1/lmr/m/n/10 )[] \OML/lmm/m/it/
10 k[]\OT1/lmr/m/n/10 (\OML/lmm/m/it/10 r\OT1/lmr/m/n/10 ) = (1 \OMS/lmsy/m/n/1
0 ^^@ \OML/lmm/m/it/10 r\OT1/lmr/m/n/10 )[][](\OML/lmm/m/it/10 j[] \OT1/lmr/m/n
/10 + 9\OML/lmm/m/it/10 j[] \OT1/lmr/m/n/10 + 23\OML/lmm/m/it/10 j \OT1/lmr/m/n
/10 + 15)\OML/lmm/m/it/10 r[] \OT1/lmr/m/n/10 + (6\OML/lmm/m/it/10 j[] \OT1/lmr
/m/n/10 + 36\OML/lmm/m/it/10 j \OT1/lmr/m/n/10 + 45)\OML/lmm/m/it/10 r[] \OT1/l
mr/m/n/10 + (15\OML/lmm/m/it/10 j \OT1/lmr/m/n/10 + 45)\OML/lmm/m/it/10 r \OT1/
lmr/m/n/10 + 15[]\OML/lmm/m/it/10 =\OT1/lmr/m/n/10 15    (4\OML/lmm/m/it/10 :\O
T1/lmr/m/n/10 21\OML/lmm/m/it/10 d\OT1/lmr/m/n/10 )
 []

[16 <./04_gaussian_ch4_files/figure-latex/gamma rq-1.pdf>]
<04_gaussian_ch4_files/figure-latex/unnamed-chunk-8-1.pdf, id=252, 411.5375pt x
 361.35pt>
File: 04_gaussian_ch4_files/figure-latex/unnamed-chunk-8-1.pdf Graphic file (ty
pe pdf)
<use 04_gaussian_ch4_files/figure-latex/unnamed-chunk-8-1.pdf>
Package pdftex.def Info: 04_gaussian_ch4_files/figure-latex/unnamed-chunk-8-1.p
df  used on input line 753.
(pdftex.def)             Requested size: 187.89665pt x 164.98242pt.

Underfull \vbox (badness 7221) detected at line 817
 []

[17 <./04_gaussian_ch4_files/figure-latex/unnamed-chunk-8-1.pdf>]
<04_gaussian_ch4_files/figure-latex/unnamed-chunk-9-1.pdf, id=262, 722.7pt x 72
2.7pt>
File: 04_gaussian_ch4_files/figure-latex/unnamed-chunk-9-1.pdf Graphic file (ty
pe pdf)
<use 04_gaussian_ch4_files/figure-latex/unnamed-chunk-9-1.pdf>
Package pdftex.def Info: 04_gaussian_ch4_files/figure-latex/unnamed-chunk-9-1.p
df  used on input line 819.
(pdftex.def)             Requested size: 469.76045pt x 469.76045pt.
[18] [19 <./04_gaussian_ch4_files/figure-latex/unnamed-chunk-9-1.pdf>]
Overfull \hbox (64.05426pt too wide) detected at line 869
\OML/lmm/m/it/10 k\OT1/lmr/m/n/10 (\OML/lmm/m/it/10 x;  x[]\OT1/lmr/m/n/10 ) = 
(\OML/lmm/m/it/10 x \OMS/lmsy/m/n/10 ^^A \OML/lmm/m/it/10 x[]\OT1/lmr/m/n/10 )[
] = [] [] \OML/lmm/m/it/10 x[]x[]\OT1/lmr/m/n/10 )[][]  = [] [] \OML/lmm/m/it/1
0 x[]x[][]:::[] [] x[]x[][][]  \OT1/lmr/m/n/10 = [] \OML/lmm/m/it/10 ::: []\OT1
/lmr/m/n/10 (\OML/lmm/m/it/10 x[]:::x[]\OT1/lmr/m/n/10 )(\OML/lmm/m/it/10 x[]::
:x[]\OT1/lmr/m/n/10 )[]  [] \OML/lmm/m/it/10 ^^^\OT1/lmr/m/n/10 (\OML/lmm/m/it/
10 x\OT1/lmr/m/n/10 ) \OMS/lmsy/m/n/10 ^^A \OML/lmm/m/it/10 ^^^\OT1/lmr/m/n/10 
(\OML/lmm/m/it/10 x[]\OT1/lmr/m/n/10 )    (4\OML/lmm/m/it/10 :\OT1/lmr/m/n/10 2
3)
 []


Overfull \hbox (42.67944pt too wide) detected at line 897
\U/msb/m/n/10 E[]\OT1/lmr/m/n/10 [\OML/lmm/m/it/10 f\OT1/lmr/m/n/10 (\OML/lmm/m
/it/10 x\OT1/lmr/m/n/10 )] = 0    (4\OML/lmm/m/it/10 :\OT1/lmr/m/n/10 26)[] \U/
msb/m/n/10 E[]\OT1/lmr/m/n/10 [\OML/lmm/m/it/10 f\OT1/lmr/m/n/10 (\OML/lmm/m/it
/10 x\OT1/lmr/m/n/10 )\OML/lmm/m/it/10 f\OT1/lmr/m/n/10 (\OML/lmm/m/it/10 x[]\O
T1/lmr/m/n/10 )] = \OML/lmm/m/it/10 ^^[[] \OT1/lmr/m/n/10 + [] \OML/lmm/m/it/10
 ^^[[]\U/msb/m/n/10 E[]\OT1/lmr/m/n/10 [\OML/lmm/m/it/10 h\OT1/lmr/m/n/10 (\OML
/lmm/m/it/10 x\OT1/lmr/m/n/10 ;  \OML/lmm/m/it/10 u[]\OT1/lmr/m/n/10 )\OML/lmm/
m/it/10 h\OT1/lmr/m/n/10 (\OML/lmm/m/it/10 x[]\OT1/lmr/m/n/10 ;  \OML/lmm/m/it/
10 u[]\OT1/lmr/m/n/10 )]    (4\OML/lmm/m/it/10 :\OT1/lmr/m/n/10 27)[]  = \OML/l
mm/m/it/10 ^^[[] \OT1/lmr/m/n/10 + \OML/lmm/m/it/10 N[]^^[[]\U/msb/m/n/10 E[]\O
T1/lmr/m/n/10 [\OML/lmm/m/it/10 h\OT1/lmr/m/n/10 (\OML/lmm/m/it/10 x\OT1/lmr/m/
n/10 ;  \OML/lmm/m/it/10 u\OT1/lmr/m/n/10 )\OML/lmm/m/it/10 h\OT1/lmr/m/n/10 (\
OML/lmm/m/it/10 x[]\OT1/lmr/m/n/10 ;  \OML/lmm/m/it/10 u\OT1/lmr/m/n/10 )]    (
4\OML/lmm/m/it/10 :\OT1/lmr/m/n/10 28)
 []


Overfull \hbox (129.72617pt too wide) detected at line 907
\OML/lmm/m/it/10 h\OT1/lmr/m/n/10 (\OML/lmm/m/it/10 z\OT1/lmr/m/n/10 ) = \OML/l
mm/m/it/10 erf\OT1/lmr/m/n/10 (\OML/lmm/m/it/10 z\OT1/lmr/m/n/10 ) = [] [][] \O
ML/lmm/m/it/10 e[]dt[] h\OT1/lmr/m/n/10 (\OML/lmm/m/it/10 x\OT1/lmr/m/n/10 ;  \
OML/lmm/m/it/10 u\OT1/lmr/m/n/10 ) = \OML/lmm/m/it/10 erf\OT1/lmr/m/n/10 (\OML/
lmm/m/it/10 u[] \OT1/lmr/m/n/10 + [] \OML/lmm/m/it/10 u[]x[]\OT1/lmr/m/n/10 )\O
ML/lmm/m/it/10 ;    u \OMS/lmsy/m/n/10 ^^X N\OT1/lmr/m/n/10 (0\OML/lmm/m/it/10 
;  \OT1/lmr/m/n/10 ^^F)[] \OML/lmm/m/it/10 k[]\OT1/lmr/m/n/10 (\OML/lmm/m/it/10
 x;  x[]\OT1/lmr/m/n/10 ) = [] [][] [][][]    (4\OML/lmm/m/it/10 :\OT1/lmr/m/n/
10 29)
 []

LaTeX Font Info:    Trying to load font information for TS1+lmtt on input line 
941.

(c:/Users/Goodgolden5/AppData/Roaming/TinyTeX/texmf-dist/tex/latex/lm/ts1lmtt.f
d
File: ts1lmtt.fd 2015/05/01 v1.6.1 Font defs for Latin Modern
) [20]
<04_gaussian_ch4_files/figure-latex/unnamed-chunk-11-1.pdf, id=287, 361.35pt x 
361.35pt>
File: 04_gaussian_ch4_files/figure-latex/unnamed-chunk-11-1.pdf Graphic file (t
ype pdf)
<use 04_gaussian_ch4_files/figure-latex/unnamed-chunk-11-1.pdf>
Package pdftex.def Info: 04_gaussian_ch4_files/figure-latex/unnamed-chunk-11-1.
pdf  used on input line 946.
(pdftex.def)             Requested size: 187.89757pt x 187.89757pt.
<04_gaussian_ch4_files/figure-latex/unnamed-chunk-12-1.pdf, id=288, 411.5375pt 
x 361.35pt>
File: 04_gaussian_ch4_files/figure-latex/unnamed-chunk-12-1.pdf Graphic file (t
ype pdf)
<use 04_gaussian_ch4_files/figure-latex/unnamed-chunk-12-1.pdf>
Package pdftex.def Info: 04_gaussian_ch4_files/figure-latex/unnamed-chunk-12-1.
pdf  used on input line 959.
(pdftex.def)             Requested size: 187.89665pt x 164.98242pt.

Underfull \vbox (badness 1867) detected at line 982
 []

[21 <./04_gaussian_ch4_files/figure-latex/unnamed-chunk-11-1.pdf> <./04_gaussia
n_ch4_files/figure-latex/unnamed-chunk-12-1.pdf>]
<04_gaussian_ch4_files/figure-latex/unnamed-chunk-14-1.pdf, id=306, 722.7pt x 7
22.7pt>
File: 04_gaussian_ch4_files/figure-latex/unnamed-chunk-14-1.pdf Graphic file (t
ype pdf)
<use 04_gaussian_ch4_files/figure-latex/unnamed-chunk-14-1.pdf>
Package pdftex.def Info: 04_gaussian_ch4_files/figure-latex/unnamed-chunk-14-1.
pdf  used on input line 1003.
(pdftex.def)             Requested size: 469.76045pt x 469.76045pt.
[22]
Underfull \vbox (badness 10000) detected at line 1028
 []

[23 <./04_gaussian_ch4_files/figure-latex/unnamed-chunk-14-1.pdf>]
<04_gaussian_ch4_files/figure-latex/unnamed-chunk-15-1.pdf, id=321, 722.7pt x 7
22.7pt>
File: 04_gaussian_ch4_files/figure-latex/unnamed-chunk-15-1.pdf Graphic file (t
ype pdf)
<use 04_gaussian_ch4_files/figure-latex/unnamed-chunk-15-1.pdf>
Package pdftex.def Info: 04_gaussian_ch4_files/figure-latex/unnamed-chunk-15-1.
pdf  used on input line 1030.
(pdftex.def)             Requested size: 469.76045pt x 469.76045pt.

Underfull \vbox (badness 4940) detected at line 1054
 []

[24 <./04_gaussian_ch4_files/figure-latex/unnamed-chunk-15-1.pdf>]
<04_gaussian_ch4_files/figure-latex/unnamed-chunk-16-1.pdf, id=331, 722.7pt x 7
22.7pt>
File: 04_gaussian_ch4_files/figure-latex/unnamed-chunk-16-1.pdf Graphic file (t
ype pdf)
<use 04_gaussian_ch4_files/figure-latex/unnamed-chunk-16-1.pdf>
Package pdftex.def Info: 04_gaussian_ch4_files/figure-latex/unnamed-chunk-16-1.
pdf  used on input line 1056.
(pdftex.def)             Requested size: 469.76045pt x 469.76045pt.

Underfull \vbox (badness 5878) detected at line 1080
 []

[25 <./04_gaussian_ch4_files/figure-latex/unnamed-chunk-16-1.pdf>]
<04_gaussian_ch4_files/figure-latex/unnamed-chunk-17-1.pdf, id=342, 722.7pt x 7
22.7pt>
File: 04_gaussian_ch4_files/figure-latex/unnamed-chunk-17-1.pdf Graphic file (t
ype pdf)
<use 04_gaussian_ch4_files/figure-latex/unnamed-chunk-17-1.pdf>
Package pdftex.def Info: 04_gaussian_ch4_files/figure-latex/unnamed-chunk-17-1.
pdf  used on input line 1082.
(pdftex.def)             Requested size: 469.76045pt x 469.76045pt.
[26 <./04_gaussian_ch4_files/figure-latex/unnamed-chunk-17-1.pdf>]
Overfull \hbox (442.11978pt too wide) detected at line 1118
\OML/lmm/m/it/10 h\OT1/lmr/m/n/10 (\OML/lmm/m/it/10 x\OT1/lmr/m/n/10 ;  \OML/lm
m/m/it/10 u\OT1/lmr/m/n/10 ) = \OML/lmm/m/it/10 exp[] \OMS/lmsy/m/n/10 ^^@ [][]
\OML/lmm/m/it/10 ;   u \OMS/lmsy/m/n/10 ^^X N\OT1/lmr/m/n/10 ([]\OML/lmm/m/it/1
0 ;  ^^[[]I\OT1/lmr/m/n/10 )[] \OML/lmm/m/it/10 k[]\OT1/lmr/m/n/10 (\OML/lmm/m/
it/10 x;  x[]\OT1/lmr/m/n/10 ) = [] [] \OML/lmm/m/it/10 exp[] \OMS/lmsy/m/n/10 
^^@ [] ^^@ [] ^^@ [][]\OML/lmm/m/it/10 du[]  \OT1/lmr/m/n/10 = [][][][]\OML/lmm
/m/it/10 exp[] \OMS/lmsy/m/n/10 ^^@ [][]\OML/lmm/m/it/10 exp[] \OMS/lmsy/m/n/10
 ^^@ [][]\OML/lmm/m/it/10 exp[] \OMS/lmsy/m/n/10 ^^@ [][]    \OT1/lmr/m/n/10 (4
\OML/lmm/m/it/10 :\OT1/lmr/m/n/10 30)[] [] = [] + [][] \OML/lmm/m/it/10 ^^[[] \
OT1/lmr/m/n/10 = 2\OML/lmm/m/it/10 ^^[[] \OT1/lmr/m/n/10 + [][] \OML/lmm/m/it/1
0 ^^[[] \OT1/lmr/m/n/10 = 2\OML/lmm/m/it/10 ^^[[] \OT1/lmr/m/n/10 + \OML/lmm/m/
it/10 ^^[[]:
 []

<04_gaussian_ch4_files/figure-latex/unnamed-chunk-19-1.pdf, id=354, 722.7pt x 7
22.7pt>
File: 04_gaussian_ch4_files/figure-latex/unnamed-chunk-19-1.pdf Graphic file (t
ype pdf)
<use 04_gaussian_ch4_files/figure-latex/unnamed-chunk-19-1.pdf>
Package pdftex.def Info: 04_gaussian_ch4_files/figure-latex/unnamed-chunk-19-1.
pdf  used on input line 1169.
(pdftex.def)             Requested size: 469.76045pt x 469.76045pt.
[27]
<04_gaussian_ch4_files/figure-latex/unnamed-chunk-20-1.pdf, id=362, 411.5375pt 
x 361.35pt>
File: 04_gaussian_ch4_files/figure-latex/unnamed-chunk-20-1.pdf Graphic file (t
ype pdf)
<use 04_gaussian_ch4_files/figure-latex/unnamed-chunk-20-1.pdf>
Package pdftex.def Info: 04_gaussian_ch4_files/figure-latex/unnamed-chunk-20-1.
pdf  used on input line 1190.
(pdftex.def)             Requested size: 187.89665pt x 164.98242pt.
[28 <./04_gaussian_ch4_files/figure-latex/unnamed-chunk-19-1.pdf>]
<04_gaussian_ch4_files/figure-latex/unnamed-chunk-21-1.pdf, id=372, 722.7pt x 2
52.945pt>
File: 04_gaussian_ch4_files/figure-latex/unnamed-chunk-21-1.pdf Graphic file (t
ype pdf)
<use 04_gaussian_ch4_files/figure-latex/unnamed-chunk-21-1.pdf>
Package pdftex.def Info: 04_gaussian_ch4_files/figure-latex/unnamed-chunk-21-1.
pdf  used on input line 1232.
(pdftex.def)             Requested size: 469.76045pt x 164.41615pt.
[29 <./04_gaussian_ch4_files/figure-latex/unnamed-chunk-20-1.pdf>]
<04_gaussian_ch4_files/figure-latex/unnamed-chunk-22-1.pdf, id=385, 411.5375pt 
x 361.35pt>
File: 04_gaussian_ch4_files/figure-latex/unnamed-chunk-22-1.pdf Graphic file (t
ype pdf)
<use 04_gaussian_ch4_files/figure-latex/unnamed-chunk-22-1.pdf>
Package pdftex.def Info: 04_gaussian_ch4_files/figure-latex/unnamed-chunk-22-1.
pdf  used on input line 1246.
(pdftex.def)             Requested size: 187.89665pt x 164.98242pt.
[30 <./04_gaussian_ch4_files/figure-latex/unnamed-chunk-21-1.pdf> <./04_gaussia
n_ch4_files/figure-latex/unnamed-chunk-22-1.pdf>]
<04_gaussian_ch4_files/figure-latex/unnamed-chunk-23-1.pdf, id=401, 722.7pt x 7
22.7pt>
File: 04_gaussian_ch4_files/figure-latex/unnamed-chunk-23-1.pdf Graphic file (t
ype pdf)
<use 04_gaussian_ch4_files/figure-latex/unnamed-chunk-23-1.pdf>
Package pdftex.def Info: 04_gaussian_ch4_files/figure-latex/unnamed-chunk-23-1.
pdf  used on input line 1297.
(pdftex.def)             Requested size: 469.76045pt x 469.76045pt.
[31]
Underfull \vbox (badness 10000) detected at line 1319
 []

[32 <./04_gaussian_ch4_files/figure-latex/unnamed-chunk-23-1.pdf>]
<04_gaussian_ch4_files/figure-latex/unnamed-chunk-23-2.pdf, id=416, 722.7pt x 7
22.7pt>
File: 04_gaussian_ch4_files/figure-latex/unnamed-chunk-23-2.pdf Graphic file (t
ype pdf)
<use 04_gaussian_ch4_files/figure-latex/unnamed-chunk-23-2.pdf>
Package pdftex.def Info: 04_gaussian_ch4_files/figure-latex/unnamed-chunk-23-2.
pdf  used on input line 1321.
(pdftex.def)             Requested size: 469.76045pt x 469.76045pt.

Underfull \vbox (badness 2564) detected at line 1341
 []

[33 <./04_gaussian_ch4_files/figure-latex/unnamed-chunk-23-2.pdf>]
<04_gaussian_ch4_files/figure-latex/unnamed-chunk-23-3.pdf, id=426, 722.7pt x 7
22.7pt>
File: 04_gaussian_ch4_files/figure-latex/unnamed-chunk-23-3.pdf Graphic file (t
ype pdf)
<use 04_gaussian_ch4_files/figure-latex/unnamed-chunk-23-3.pdf>
Package pdftex.def Info: 04_gaussian_ch4_files/figure-latex/unnamed-chunk-23-3.
pdf  used on input line 1343.
(pdftex.def)             Requested size: 469.76045pt x 469.76045pt.

Underfull \vbox (badness 5878) detected at line 1362
 []

[34 <./04_gaussian_ch4_files/figure-latex/unnamed-chunk-23-3.pdf>]
<04_gaussian_ch4_files/figure-latex/unnamed-chunk-24-1.pdf, id=436, 411.5375pt 
x 361.35pt>
File: 04_gaussian_ch4_files/figure-latex/unnamed-chunk-24-1.pdf Graphic file (t
ype pdf)
<use 04_gaussian_ch4_files/figure-latex/unnamed-chunk-24-1.pdf>
Package pdftex.def Info: 04_gaussian_ch4_files/figure-latex/unnamed-chunk-24-1.
pdf  used on input line 1364.
(pdftex.def)             Requested size: 187.89665pt x 164.98242pt.

LaTeX Warning: Command \textmu invalid in math mode on input line 1383.


LaTeX Warning: Command \textmu invalid in math mode on input line 1383.


LaTeX Warning: Command \textperiodcentered invalid in math mode on input line 1
426.


LaTeX Warning: Command \textperiodcentered invalid in math mode on input line 1
426.

[35 <./04_gaussian_ch4_files/figure-latex/unnamed-chunk-24-1.pdf>] [36] (./04_g
aussian_ch4.aux)
Package rerunfilecheck Info: File `04_gaussian_ch4.out' has not changed.
(rerunfilecheck)             Checksum: 10C8F038B58396D28000B3813EF90FBC;3432.
 ) 
Here is how much of TeX's memory you used:
 12986 strings out of 480502
 210892 string characters out of 5897578
 546178 words of memory out of 5000000
 30256 multiletter control sequences out of 15000+600000
 462466 words of font info for 109 fonts, out of 8000000 for 9000
 14 hyphenation exceptions out of 8191
 60i,6n,66p,940b,473s stack positions out of 5000i,500n,10000p,200000b,80000s
{c:/Users/Goodgolden5/AppData/Roaming/TinyTeX/texmf-dist/fonts/enc/dvips/lm/l
m-ec.enc}{c:/Users/Goodgolden5/AppData/Roaming/TinyTeX/texmf-dist/fonts/enc/dvi
ps/lm/lm-mathsy.enc}{c:/Users/Goodgolden5/AppData/Roaming/TinyTeX/texmf-dist/fo
nts/enc/dvips/lm/lm-ts1.enc}{c:/Users/Goodgolden5/AppData/Roaming/TinyTeX/texmf
-dist/fonts/enc/dvips/lm/lm-rm.enc}{c:/Users/Goodgolden5/AppData/Roaming/TinyTe
X/texmf-dist/fonts/enc/dvips/lm/lm-mathit.enc}{c:/Users/Goodgolden5/AppData/Roa
ming/TinyTeX/texmf-dist/fonts/enc/dvips/lm/lm-mathex.enc}<c:/Users/Goodgolden5/
AppData/Roaming/TinyTeX/texmf-dist/fonts/type1/public/lm/lmbx10.pfb><c:/Users/G
oodgolden5/AppData/Roaming/TinyTeX/texmf-dist/fonts/type1/public/lm/lmbx12.pfb>
<c:/Users/Goodgolden5/AppData/Roaming/TinyTeX/texmf-dist/fonts/type1/public/lm/
lmbxi10.pfb><c:/Users/Goodgolden5/AppData/Roaming/TinyTeX/texmf-dist/fonts/type
1/public/lm/lmex10.pfb><c:/Users/Goodgolden5/AppData/Roaming/TinyTeX/texmf-dist
/fonts/type1/public/lm/lmmi10.pfb><c:/Users/Goodgolden5/AppData/Roaming/TinyTeX
/texmf-dist/fonts/type1/public/lm/lmmi5.pfb><c:/Users/Goodgolden5/AppData/Roami
ng/TinyTeX/texmf-dist/fonts/type1/public/lm/lmmi7.pfb><c:/Users/Goodgolden5/App
Data/Roaming/TinyTeX/texmf-dist/fonts/type1/public/lm/lmr10.pfb><c:/Users/Goodg
olden5/AppData/Roaming/TinyTeX/texmf-dist/fonts/type1/public/lm/lmr12.pfb><c:/U
sers/Goodgolden5/AppData/Roaming/TinyTeX/texmf-dist/fonts/type1/public/lm/lmr17
.pfb><c:/Users/Goodgolden5/AppData/Roaming/TinyTeX/texmf-dist/fonts/type1/publi
c/lm/lmr5.pfb><c:/Users/Goodgolden5/AppData/Roaming/TinyTeX/texmf-dist/fonts/ty
pe1/public/lm/lmr7.pfb><c:/Users/Goodgolden5/AppData/Roaming/TinyTeX/texmf-dist
/fonts/type1/public/lm/lmri10.pfb><c:/Users/Goodgolden5/AppData/Roaming/TinyTeX
/texmf-dist/fonts/type1/public/lm/lmsy10.pfb><c:/Users/Goodgolden5/AppData/Roam
ing/TinyTeX/texmf-dist/fonts/type1/public/lm/lmsy5.pfb><c:/Users/Goodgolden5/Ap
pData/Roaming/TinyTeX/texmf-dist/fonts/type1/public/lm/lmsy7.pfb><c:/Users/Good
golden5/AppData/Roaming/TinyTeX/texmf-dist/fonts/type1/public/lm/lmtk10.pfb><c:
/Users/Goodgolden5/AppData/Roaming/TinyTeX/texmf-dist/fonts/type1/public/lm/lmt
ko10.pfb><c:/Users/Goodgolden5/AppData/Roaming/TinyTeX/texmf-dist/fonts/type1/p
ublic/lm/lmtt10.pfb><c:/Users/Goodgolden5/AppData/Roaming/TinyTeX/texmf-dist/fo
nts/type1/public/lm/lmtti10.pfb><c:/Users/Goodgolden5/AppData/Roaming/TinyTeX/t
exmf-dist/fonts/type1/public/amsfonts/symbols/msbm10.pfb><c:/Users/Goodgolden5/
AppData/Roaming/TinyTeX/texmf-dist/fonts/type1/public/amsfonts/symbols/msbm7.pf
b>
Output written on 04_gaussian_ch4.pdf (36 pages, 1352888 bytes).
PDF statistics:
 590 PDF objects out of 1000 (max. 8388607)
 442 compressed objects within 5 object streams
 91 named destinations out of 1000 (max. 500000)
 33042 words of extra memory for PDF output out of 35830 (max. 10000000)

